0 info it worked if it ends with ok
1 verbose cli [ '/Users/andrewmccafferty/.nvm/versions/node/v6.11.5/bin/node',
1 verbose cli   '/Users/andrewmccafferty/.nvm/versions/node/v6.11.5/bin/npm',
1 verbose cli   'start' ]
2 info using npm@3.10.10
3 info using node@v6.11.5
4 verbose run-script [ 'prestart', 'start', 'poststart' ]
5 info lifecycle avariomatic@0.1.0~prestart: avariomatic@0.1.0
6 silly lifecycle avariomatic@0.1.0~prestart: no script for prestart, continuing
7 info lifecycle avariomatic@0.1.0~start: avariomatic@0.1.0
8 verbose lifecycle avariomatic@0.1.0~start: unsafe-perm in lifecycle true
9 verbose lifecycle avariomatic@0.1.0~start: PATH: /Users/andrewmccafferty/.nvm/versions/node/v6.11.5/lib/node_modules/npm/bin/node-gyp-bin:/Users/andrewmccafferty/Documents/git/birdsongquiz/birdsongquiz_frontend/node_modules/.bin:/Users/andrewmccafferty/.nvm/versions/node/v6.11.5/bin:/Users/andrewmccafferty/Documents/Installers/google-cloud-sdk/bin:/Library/Frameworks/Python.framework/Versions/2.7/bin:/usr/local/bin:/usr/bin:/bin:/usr/sbin:/sbin:/usr/local/go/bin:/usr/local/share/dotnet
10 verbose lifecycle avariomatic@0.1.0~start: CWD: /Users/andrewmccafferty/Documents/git/birdsongquiz/birdsongquiz_frontend
11 silly lifecycle avariomatic@0.1.0~start: Args: [ '-c', 'react-scripts start' ]
12 info lifecycle avariomatic@0.1.0~start: Failed to exec start script
13 verbose stack Error: avariomatic@0.1.0 start: `react-scripts start`
13 verbose stack spawn ENOENT
13 verbose stack     at ChildProcess.<anonymous> (/Users/andrewmccafferty/.nvm/versions/node/v6.11.5/lib/node_modules/npm/lib/utils/spawn.js:33:16)
13 verbose stack     at emitTwo (events.js:106:13)
13 verbose stack     at ChildProcess.emit (events.js:191:7)
13 verbose stack     at maybeClose (internal/child_process.js:920:16)
13 verbose stack     at Process.ChildProcess._handle.onexit (internal/child_process.js:230:5)
14 verbose pkgid avariomatic@0.1.0
15 verbose cwd /Users/andrewmccafferty/Documents/git/birdsongquiz/birdsongquiz_frontend
16 error Darwin 17.5.0
17 error argv "/Users/andrewmccafferty/.nvm/versions/node/v6.11.5/bin/node" "/Users/andrewmccafferty/.nvm/versions/node/v6.11.5/bin/npm" "start"
18 error node v6.11.5
19 error npm  v3.10.10
20 error file sh
21 error code ELIFECYCLE
22 error errno ENOENT
23 error syscall spawn
24 error avariomatic@0.1.0 start: `react-scripts start`
24 error spawn ENOENT
25 error Failed at the avariomatic@0.1.0 start script 'react-scripts start'.
25 error Make sure you have the latest version of node.js and npm installed.
25 error If you do, this is most likely a problem with the avariomatic package,
25 error not with npm itself.
25 error Tell the author that this fails on your system:
25 error     react-scripts start
25 error You can get information on how to open an issue for this project with:
25 error     npm bugs avariomatic
25 error Or if that isn't available, you can get their info via:
25 error     npm owner ls avariomatic
25 error There is likely additional logging output above.
26 verbose exit [ 1, true ]
